[ 2024-02-21 11:49:46,095 ] 25 root - INFO - Data Ingestion method starts
[ 2024-02-21 11:49:46,239 ] 29 root - INFO - Dataset read as pandas Dataframe
[ 2024-02-21 11:49:47,038 ] 35 root - INFO - Train test split
[ 2024-02-21 11:49:47,820 ] 41 root - INFO - Ingestion of data is completed
[ 2024-02-21 11:49:47,981 ] 107 root - INFO - Read train and test data completed
[ 2024-02-21 11:49:47,986 ] 108 root - INFO - Train Dataframe Head : 
       id  carat        cut color clarity  depth  table     x     y     z  price
0   11504   0.41      Ideal     E    VVS2   60.6   56.0  4.85  4.80  2.93   1181
1   95284   1.23  Very Good     H     VS1   59.9   59.0  6.91  7.01  4.19   7418
2  184777   1.70    Premium     H     VS2   62.0   58.0  7.61  7.66  4.74  12755
3    5419   0.33      Ideal     F    VVS1   61.2   56.0  4.47  4.44  2.73   1020
4   45466   0.33  Very Good     I     SI1   62.1   58.0  4.41  4.45  2.75    445
[ 2024-02-21 11:49:47,993 ] 109 root - INFO - Test Dataframe Head  : 
       id  carat        cut color clarity  depth  table     x     y     z  price
0   14868   0.50      Ideal     D     SI1   62.1   57.0  5.05  5.08  3.14   1355
1  165613   2.00  Very Good     G     SI2   59.5   57.0  8.08  8.15  4.89  14691
2   96727   0.27    Premium     E    VVS1   60.5   59.0  4.19  4.16  2.52    844
3  145593   0.32    Premium     I    VVS1   61.2   59.0  4.43  4.44  2.71    707
4  118689   1.19      Ideal     H     SI1   62.5   56.0  6.77  6.81  4.23   5797
[ 2024-02-21 11:49:47,993 ] 111 root - INFO - Obtaining preprocessing object
[ 2024-02-21 11:49:47,993 ] 38 root - INFO - Data Transformation initiated
[ 2024-02-21 11:49:47,993 ] 57 root - INFO - Pipeline Initiated
[ 2024-02-21 11:49:48,225 ] 132 root - INFO - Train: 
[[-0.82314374 -1.12998781 -0.64189666 -0.78045073 -0.83510329 -0.87602377
   0.87410007 -0.93674681  1.35074594]
 [ 0.94502267 -1.77782269  0.92190185  1.07322572  1.16638856  0.94663261
  -1.13764403  0.91085333  0.68445511]
 [ 1.9584839   0.16568195  0.40063568  1.70311578  1.75506264  1.74223659
  -0.13177198  0.91085333  0.01816428]
 [-0.99564777 -0.57470077 -0.64189666 -1.12239105 -1.16113816 -1.16533431
   0.87410007 -0.3208801   2.01703677]
 [-0.99564777  0.25822979  0.40063568 -1.17638163 -1.15208163 -1.13640325
  -1.13764403  1.52672004 -0.64812655]]
[ 2024-02-21 11:49:48,226 ] 133 root - INFO - Test: 
[[-0.62907669  0.25822979 -0.12063049 -0.60048215 -0.58152061 -0.57224771
   0.87410007 -1.55261352 -0.64812655]
 [ 2.60537405 -2.14801405 -0.12063049  2.12604196  2.19883232  1.9592195
  -1.13764403  0.29498662 -1.31441737]
 [-1.1250258  -1.22253565  0.92190185 -1.37434708 -1.41472084 -1.46911037
  -0.13177198 -0.93674681  2.01703677]
 [-1.01721078 -0.57470077  0.92190185 -1.15838477 -1.16113816 -1.19426536
  -0.13177198  1.52672004  2.01703677]
 [ 0.85877065  0.62842115 -0.64189666  0.94724771  0.98525808  1.00449472
   0.87410007  0.91085333 -0.64812655]]
[ 2024-02-21 11:49:48,226 ] 135 root - INFO - Applying preprocessing object on training and testing datasets.
[ 2024-02-21 11:49:48,232 ] 149 root - INFO - Processsor pickle in created and saved
